1620235429832	geckodriver	INFO	Listening on 127.0.0.1:54011
1620235429840	mozrunner::runner	INFO	Running command: "/usr/bin/firefox" "--marionette" "-foreground" "-no-remote" "-profile" "/tmp/rust_mozprofilesDjKsL"
1620235430898	Marionette	INFO	Marionette enabled
console.warn: SearchSettings: "get: No settings file exists, new profile?" (new Error("", "(unknown module)"))
1620235434584	Marionette	INFO	Listening on port 41003
1620235434901	Marionette	WARN	TLS certificate errors will be ignored for this session
1620235434956	Marionette	INFO	Stopped listening on port 41003
1620235643388	geckodriver	INFO	Listening on 127.0.0.1:36229
1620235643399	mozrunner::runner	INFO	Running command: "/usr/bin/firefox" "--marionette" "-foreground" "-no-remote" "-profile" "/tmp/rust_mozprofile2f7eH2"
1620235644627	Marionette	INFO	Marionette enabled
console.warn: SearchSettings: "get: No settings file exists, new profile?" (new Error("", "(unknown module)"))
1620235648229	Marionette	INFO	Listening on port 40605
1620235648308	Marionette	WARN	TLS certificate errors will be ignored for this session
1620235648378	Marionette	INFO	Stopped listening on port 40605
console.error: services.settings: 
  main/message-groups Signature failed  TypeError: NetworkError when attempting to fetch resource.
1620235824957	geckodriver	INFO	Listening on 127.0.0.1:55557
1620235824967	mozrunner::runner	INFO	Running command: "/usr/bin/firefox" "--marionette" "-foreground" "-no-remote" "-profile" "/tmp/rust_mozprofileog66CY"
1620235826072	Marionette	INFO	Marionette enabled
console.warn: SearchSettings: "get: No settings file exists, new profile?" (new Error("", "(unknown module)"))
1620235829745	Marionette	INFO	Listening on port 43369
1620235829895	Marionette	WARN	TLS certificate errors will be ignored for this session
1620235829954	Marionette	INFO	Stopped listening on port 43369

###!!! [Parent][RunMessage] Error: Channel closing: too late to send/recv, messages will be lost

1620235883068	geckodriver	INFO	Listening on 127.0.0.1:52417
1620235883074	mozrunner::runner	INFO	Running command: "/usr/bin/firefox" "--marionette" "-foreground" "-no-remote" "-profile" "/tmp/rust_mozprofileGzBFpc"
1620235884157	Marionette	INFO	Marionette enabled
console.warn: SearchSettings: "get: No settings file exists, new profile?" (new Error("", "(unknown module)"))
1620235887893	Marionette	INFO	Listening on port 39389
1620235887983	Marionette	WARN	TLS certificate errors will be ignored for this session
1620235888044	Marionette	INFO	Stopped listening on port 39389
1620236317381	geckodriver	INFO	Listening on 127.0.0.1:46341
1620236317386	mozrunner::runner	INFO	Running command: "/usr/bin/firefox" "--marionette" "-foreground" "-no-remote" "-profile" "/tmp/rust_mozprofile8hgwzr"
1620236317816	Marionette	INFO	Marionette enabled
console.warn: SearchSettings: "get: No settings file exists, new profile?" (new Error("", "(unknown module)"))
1620236319261	Marionette	INFO	Listening on port 39799
1620236319300	Marionette	WARN	TLS certificate errors will be ignored for this session
1620236319316	Marionette	INFO	Stopped listening on port 39799
1620237093231	geckodriver	INFO	Listening on 127.0.0.1:56307
1620237093237	mozrunner::runner	INFO	Running command: "/usr/bin/firefox" "--marionette" "-foreground" "-no-remote" "-profile" "/tmp/rust_mozprofileKlYpVz"
1620237094367	Marionette	INFO	Marionette enabled
console.warn: SearchSettings: "get: No settings file exists, new profile?" (new Error("", "(unknown module)"))
1620237098144	Marionette	INFO	Listening on port 35551
1620237098212	Marionette	WARN	TLS certificate errors will be ignored for this session
1620237112062	Marionette	INFO	Stopped listening on port 35551

###!!! [Parent][RunMessage] Error: Channel closing: too late to send/recv, messages will be lost

1620237351604	geckodriver	INFO	Listening on 127.0.0.1:37783
1620237351611	mozrunner::runner	INFO	Running command: "/usr/bin/firefox" "--marionette" "-foreground" "-no-remote" "-profile" "/tmp/rust_mozprofilePkNctV"
1620237352743	Marionette	INFO	Marionette enabled
console.warn: SearchSettings: "get: No settings file exists, new profile?" (new Error("", "(unknown module)"))
1620237356431	Marionette	INFO	Listening on port 39521
1620237356485	Marionette	WARN	TLS certificate errors will be ignored for this session
1620237367913	Marionette	INFO	Stopped listening on port 39521
1620237449732	geckodriver	INFO	Listening on 127.0.0.1:59779
1620237449737	mozrunner::runner	INFO	Running command: "/usr/bin/firefox" "--marionette" "-foreground" "-no-remote" "-profile" "/tmp/rust_mozprofilebPVXxb"
1620237450845	Marionette	INFO	Marionette enabled
console.warn: SearchSettings: "get: No settings file exists, new profile?" (new Error("", "(unknown module)"))
1620237454537	Marionette	INFO	Listening on port 44989
1620237454640	Marionette	WARN	TLS certificate errors will be ignored for this session
JavaScript error: https://www.quantic-telecom.net/connexion-reseau, line 177: SyntaxError: JSON.parse: expected ',' or '}' after property value in object at line 1 column 38449 of the JSON data
1620237471364	Marionette	INFO	Stopped listening on port 44989
1620237647075	geckodriver	INFO	Listening on 127.0.0.1:43923
1620237647081	mozrunner::runner	INFO	Running command: "/usr/bin/firefox" "--marionette" "-foreground" "-no-remote" "-profile" "/tmp/rust_mozprofilesTwznd"
1620237648154	Marionette	INFO	Marionette enabled
console.warn: SearchSettings: "get: No settings file exists, new profile?" (new Error("", "(unknown module)"))
1620237651843	Marionette	INFO	Listening on port 40333
1620237651965	Marionette	WARN	TLS certificate errors will be ignored for this session
JavaScript error: https://www.quantic-telecom.net/connexion-reseau, line 177: SyntaxError: JSON.parse: expected ',' or '}' after property value in object at line 1 column 38449 of the JSON data
JavaScript error: https://www.quantic-telecom.net/, line 386: SyntaxError: JSON.parse: expected ',' or '}' after property value in object at line 1 column 38449 of the JSON data
1620237715961	Marionette	INFO	Stopped listening on port 40333
1620237748530	geckodriver	INFO	Listening on 127.0.0.1:42489
1620237748536	mozrunner::runner	INFO	Running command: "/usr/bin/firefox" "--marionette" "-foreground" "-no-remote" "-profile" "/tmp/rust_mozprofilemMtDDf"
1620237749611	Marionette	INFO	Marionette enabled
console.warn: SearchSettings: "get: No settings file exists, new profile?" (new Error("", "(unknown module)"))
1620237753271	Marionette	INFO	Listening on port 46299
1620237753314	Marionette	WARN	TLS certificate errors will be ignored for this session
JavaScript error: https://www.quantic-telecom.net/connexion-reseau, line 177: SyntaxError: JSON.parse: expected ',' or '}' after property value in object at line 1 column 38449 of the JSON data
JavaScript error: https://www.quantic-telecom.net/, line 386: SyntaxError: JSON.parse: expected ',' or '}' after property value in object at line 1 column 38449 of the JSON data
1620237795950	Marionette	INFO	Stopped listening on port 46299
